<?xml version="1.0" encoding="UTF-8"?>
<!-- Generated by org.testng.reporters.JUnitReportReporter -->
<testsuite hostname="DESKTOP-EKHKDOV" failures="0" tests="1" name="pageObject.shopTest.GoogleSearchTests" time="3.309" errors="0" timestamp="2021-10-02T10:09:21 EDT" skipped="0">
  <testcase classname="pageObject.shopTest.GoogleSearchTests" name="fakeSearchTest" time="3.309"/>
  <system-out/>
</testsuite> <!-- pageObject.shopTest.GoogleSearchTests -->
