<?xml version="1.0" encoding="UTF-8"?>
<!-- Generated by org.testng.reporters.JUnitReportReporter -->
<testsuite hostname="DESKTOP-EKHKDOV" failures="0" tests="7" name="pageObject.searchTest.GoogleSearchTests" time="29.739" errors="0" timestamp="2021-10-02T13:34:00 EDT" skipped="0">
  <testcase classname="pageObject.searchTest.GoogleSearchTests" name="fakeSearchTest" time="4.176"/>
  <system-out/>
  <testcase classname="pageObject.searchTest.GoogleSearchTests" name="validSearchTest" time="5.757"/>
  <system-out/>
  <testcase classname="pageObject.searchTest.GoogleSearchTests" name="visitFirstResultSite" time="3.702"/>
  <system-out/>
  <testcase classname="pageObject.searchTest.GoogleSearchTests" name="checkResultURL" time="0.009"/>
  <system-out/>
  <testcase classname="pageObject.searchTest.GoogleSearchTests" name="gsoftPageTestSlide" time="0.157"/>
  <system-out/>
  <testcase classname="pageObject.searchTest.GoogleSearchTests" name="gsoftPageTestContactForm" time="0.135"/>
  <system-out/>
  <testcase classname="pageObject.searchTest.GoogleSearchTests" name="gsoftPageTestContactFormFieldsFill" time="15.803"/>
  <system-out/>
</testsuite> <!-- pageObject.searchTest.GoogleSearchTests -->
