<?xml version="1.0" encoding="UTF-8"?>
<!-- Generated by org.testng.reporters.JUnitReportReporter -->
<testsuite hostname="DESKTOP-EKHKDOV" failures="0" tests="7" name="pageObject.searchTest.GoogleSearchTests" time="27.361" errors="0" timestamp="2021-10-02T13:38:32 EDT" skipped="0">
  <testcase classname="pageObject.searchTest.GoogleSearchTests" name="fakeSearchTest" time="4.438"/>
  <system-out/>
  <testcase classname="pageObject.searchTest.GoogleSearchTests" name="validSearchTest" time="3.626"/>
  <system-out/>
  <testcase classname="pageObject.searchTest.GoogleSearchTests" name="visitFirstResultSite" time="2.924"/>
  <system-out/>
  <testcase classname="pageObject.searchTest.GoogleSearchTests" name="checkResultURL" time="0.010"/>
  <system-out/>
  <testcase classname="pageObject.searchTest.GoogleSearchTests" name="gsoftPageTestSlide" time="0.176"/>
  <system-out/>
  <testcase classname="pageObject.searchTest.GoogleSearchTests" name="gsoftPageTestContactForm" time="0.151"/>
  <system-out/>
  <testcase classname="pageObject.searchTest.GoogleSearchTests" name="gsoftPageTestContactFormFieldsFill" time="16.036"/>
  <system-out/>
</testsuite> <!-- pageObject.searchTest.GoogleSearchTests -->
