<?xml version="1.0" encoding="UTF-8"?>
<!-- Generated by org.testng.reporters.JUnitReportReporter -->
<testsuite hostname="DESKTOP-EKHKDOV" failures="0" tests="6" name="pageObject.searchTest.GoogleSearchTests" time="9.666" errors="0" timestamp="2021-10-02T11:13:47 EDT" skipped="0">
  <testcase classname="pageObject.searchTest.GoogleSearchTests" name="fakeSearchTest" time="3.670"/>
  <system-out/>
  <testcase classname="pageObject.searchTest.GoogleSearchTests" name="validSearchTest" time="2.786"/>
  <system-out/>
  <testcase classname="pageObject.searchTest.GoogleSearchTests" name="visitFirstResultSite" time="2.969"/>
  <system-out/>
  <testcase classname="pageObject.searchTest.GoogleSearchTests" name="checkResultURL" time="0.011"/>
  <system-out/>
  <testcase classname="pageObject.searchTest.GoogleSearchTests" name="gsoftPageTestSlide" time="0.127"/>
  <system-out/>
  <testcase classname="pageObject.searchTest.GoogleSearchTests" name="gsoftPageTestContactForm" time="0.103"/>
  <system-out/>
</testsuite> <!-- pageObject.searchTest.GoogleSearchTests -->
