<?xml version="1.0" encoding="UTF-8"?>
<!-- Generated by org.testng.reporters.JUnitReportReporter -->
<testsuite hostname="DESKTOP-EKHKDOV" failures="0" tests="1" name="pageObject.shopTest.ShopPriceTest" time="8.544" errors="0" timestamp="2021-10-01T13:34:38 EDT" skipped="0">
  <testcase classname="pageObject.shopTest.ShopPriceTest" name="pricingTest" time="8.544"/>
  <system-out/>
</testsuite> <!-- pageObject.shopTest.ShopPriceTest -->
